  [1m[35m (7.2ms)[0m  [1m[35mCREATE TABLE "schema_migrations" ("version" varchar NOT NULL PRIMARY KEY)[0m
  [1m[35m (9.5ms)[0m  [1m[35mCREATE TABLE "ar_internal_metadata" ("key" varchar NOT NULL PRIMARY KEY, "value" varchar, "created_at" datetime NOT NULL, "updated_at" datetime NOT NULL)[0m
  [1m[36mActiveRecord::SchemaMigration Load (0.0ms)[0m  [1m[34mSELECT "schema_migrations".* FROM "schema_migrations"[0m
Migrating to CreateBudgets (20180402181148)
  [1m[35m (0.5ms)[0m  [1m[36mbegin transaction[0m
  [1m[35m (1.0ms)[0m  [1m[35mCREATE TABLE "budgets" ("id" INTEGER PRIMARY KEY AUTOINCREMENT NOT NULL, "income" float, "house" float, "elec" float, "credit" float, "gas" float, "car" float, "insur" float, "water" float, "money" float, "created_at" datetime NOT NULL, "updated_at" datetime NOT NULL)[0m
  [1m[35mSQL (0.0ms)[0m  [1m[32mINSERT INTO "schema_migrations" ("version") VALUES (?)[0m  [["version", "20180402181148"]]
  [1m[35m (7.0ms)[0m  [1m[36mcommit transaction[0m
  [1m[36mActiveRecord::InternalMetadata Load (0.5ms)[0m  [1m[34mSELECT  "ar_internal_metadata".* FROM "ar_internal_metadata" WHERE "ar_internal_metadata"."key" = ? LIMIT ?[0m  [["key", "environment"], ["LIMIT", 1]]
  [1m[35m (0.0ms)[0m  [1m[36mbegin transaction[0m
  [1m[35mSQL (1.0ms)[0m  [1m[32mINSERT INTO "ar_internal_metadata" ("key", "value", "created_at", "updated_at") VALUES (?, ?, ?, ?)[0m  [["key", "environment"], ["value", "development"], ["created_at", "2018-04-02 18:12:30.490311"], ["updated_at", "2018-04-02 18:12:30.490311"]]
  [1m[35m (7.0ms)[0m  [1m[36mcommit transaction[0m
  [1m[36mActiveRecord::SchemaMigration Load (0.5ms)[0m  [1m[34mSELECT "schema_migrations".* FROM "schema_migrations"[0m
Started GET "/" for 127.0.0.1 at 2018-04-03 19:40:04 -0700
  [1m[36mActiveRecord::SchemaMigration Load (0.5ms)[0m  [1m[34mSELECT "schema_migrations".* FROM "schema_migrations"[0m
Processing by BudgetsController#index as HTML
  Rendering budgets/index.html.erb within layouts/application
  [1m[36mBudget Load (0.5ms)[0m  [1m[34mSELECT "budgets".* FROM "budgets"[0m
  Rendered budgets/index.html.erb within layouts/application (16.0ms)
Completed 200 OK in 139ms (Views: 94.5ms | ActiveRecord: 1.0ms)


Started GET "/budgets/new" for 127.0.0.1 at 2018-04-03 19:40:43 -0700
Processing by BudgetsController#new as HTML
  Rendering budgets/new.html.erb within layouts/application
  Rendered budgets/_form.html.erb (40.4ms)
  Rendered budgets/new.html.erb within layouts/application (65.0ms)
Completed 200 OK in 174ms (Views: 135.9ms | ActiveRecord: 1.5ms)


Started POST "/budgets" for 127.0.0.1 at 2018-04-03 19:41:13 -0700
Processing by BudgetsController#create as HTML
  Parameters: {"utf8"=>"✓", "authenticity_token"=>"Wqzp+GU8dT1M7WeCdAB3yODLTQc+p54sMK35INMNM3AWDWaFjE3PAEbpOnUGLjjYzaHMwT/zaeObmVJAjIatUw==", "budget"=>{"income"=>"5000", "house"=>"500", "elec"=>"500", "credit"=>"500", "gas"=>"500", "car"=>"560", "insur"=>"505", "water"=>"150", "money"=>"300"}, "commit"=>"Create Budget"}
  [1m[35m (0.0ms)[0m  [1m[36mbegin transaction[0m
  [1m[35mSQL (1.0ms)[0m  [1m[32mINSERT INTO "budgets" ("income", "house", "elec", "credit", "gas", "car", "insur", "water", "money", "created_at", "updated_at") VALUES (?, ?, ?, ?, ?, ?, ?, ?, ?, ?, ?)[0m  [["income", 5000.0], ["house", 500.0], ["elec", 500.0], ["credit", 500.0], ["gas", 500.0], ["car", 560.0], ["insur", 505.0], ["water", 150.0], ["money", 300.0], ["created_at", "2018-04-04 02:41:13.880949"], ["updated_at", "2018-04-04 02:41:13.880949"]]
  [1m[35m (8.5ms)[0m  [1m[36mcommit transaction[0m
Redirected to http://localhost:3000/budgets/1
Completed 302 Found in 22ms (ActiveRecord: 9.5ms)


Started GET "/budgets/1" for 127.0.0.1 at 2018-04-03 19:41:13 -0700
Processing by BudgetsController#show as HTML
  Parameters: {"id"=>"1"}
  [1m[36mBudget Load (0.0ms)[0m  [1m[34mSELECT  "budgets".* FROM "budgets" WHERE "budgets"."id" = ? LIMIT ?[0m  [["id", 1], ["LIMIT", 1]]
  Rendering budgets/show.html.erb within layouts/application
  Rendered budgets/show.html.erb within layouts/application (1.5ms)
Completed 200 OK in 98ms (Views: 68.1ms | ActiveRecord: 0.0ms)


Started GET "/" for 127.0.0.1 at 2018-04-03 19:42:54 -0700
Processing by BudgetsController#index as HTML
  Rendering budgets/index.html.erb within layouts/application
  [1m[36mBudget Load (0.5ms)[0m  [1m[34mSELECT "budgets".* FROM "budgets"[0m
  Rendered budgets/index.html.erb within layouts/application (3.5ms)
Completed 200 OK in 99ms (Views: 74.2ms | ActiveRecord: 0.5ms)


Started GET "/" for 127.0.0.1 at 2018-04-07 14:34:05 -0700
  [1m[36mActiveRecord::SchemaMigration Load (0.0ms)[0m  [1m[34mSELECT "schema_migrations".* FROM "schema_migrations"[0m
Processing by BudgetsController#index as HTML
  Rendering budgets/index.html.erb within layouts/application
  [1m[36mBudget Load (0.5ms)[0m  [1m[34mSELECT "budgets".* FROM "budgets"[0m
  Rendered budgets/index.html.erb within layouts/application (32.6ms)
Completed 200 OK in 178ms (Views: 123.6ms | ActiveRecord: 2.5ms)


Started GET "/budgets/1" for 127.0.0.1 at 2018-04-07 14:42:51 -0700
Processing by BudgetsController#show as HTML
  Parameters: {"id"=>"1"}
  [1m[36mBudget Load (0.5ms)[0m  [1m[34mSELECT  "budgets".* FROM "budgets" WHERE "budgets"."id" = ? LIMIT ?[0m  [["id", 1], ["LIMIT", 1]]
  Rendering budgets/show.html.erb within layouts/application
  Rendered budgets/show.html.erb within layouts/application (1.0ms)
Completed 200 OK in 107ms (Views: 71.4ms | ActiveRecord: 0.5ms)


Started GET "/" for 127.0.0.1 at 2018-04-07 14:55:36 -0700
  [1m[36mActiveRecord::SchemaMigration Load (0.5ms)[0m  [1m[34mSELECT "schema_migrations".* FROM "schema_migrations"[0m
Processing by BudgetsController#index as HTML
  Rendering budgets/index.html.erb within layouts/application
  [1m[36mBudget Load (0.5ms)[0m  [1m[34mSELECT "budgets".* FROM "budgets"[0m
  Rendered budgets/index.html.erb within layouts/application (33.6ms)
Completed 200 OK in 195ms (Views: 141.2ms | ActiveRecord: 1.5ms)


Started GET "/budgets/1" for 127.0.0.1 at 2018-04-07 14:55:52 -0700
Processing by BudgetsController#show as HTML
  Parameters: {"id"=>"1"}
  [1m[36mBudget Load (0.5ms)[0m  [1m[34mSELECT  "budgets".* FROM "budgets" WHERE "budgets"."id" = ? LIMIT ?[0m  [["id", 1], ["LIMIT", 1]]
  Rendering budgets/show.html.erb within layouts/application
  Rendered budgets/show.html.erb within layouts/application (1.5ms)
Completed 200 OK in 126ms (Views: 86.7ms | ActiveRecord: 0.5ms)


Started GET "/budgets" for 127.0.0.1 at 2018-04-07 14:55:54 -0700
Processing by BudgetsController#index as HTML
  Rendering budgets/index.html.erb within layouts/application
  [1m[36mBudget Load (0.5ms)[0m  [1m[34mSELECT "budgets".* FROM "budgets"[0m
  Rendered budgets/index.html.erb within layouts/application (5.9ms)
Completed 200 OK in 122ms (Views: 88.6ms | ActiveRecord: 0.5ms)


Started GET "/budgets/1" for 127.0.0.1 at 2018-04-07 14:55:56 -0700
Processing by BudgetsController#show as HTML
  Parameters: {"id"=>"1"}
  [1m[36mBudget Load (0.5ms)[0m  [1m[34mSELECT  "budgets".* FROM "budgets" WHERE "budgets"."id" = ? LIMIT ?[0m  [["id", 1], ["LIMIT", 1]]
  Rendering budgets/show.html.erb within layouts/application
  Rendered budgets/show.html.erb within layouts/application (1.0ms)
Completed 200 OK in 119ms (Views: 89.1ms | ActiveRecord: 0.5ms)


Started GET "/budgets" for 127.0.0.1 at 2018-04-07 14:55:58 -0700
Processing by BudgetsController#index as HTML
  Rendering budgets/index.html.erb within layouts/application
  [1m[36mBudget Load (1.0ms)[0m  [1m[34mSELECT "budgets".* FROM "budgets"[0m
  Rendered budgets/index.html.erb within layouts/application (5.0ms)
Completed 200 OK in 116ms (Views: 86.3ms | ActiveRecord: 1.0ms)


Started GET "/budgets/1" for 127.0.0.1 at 2018-04-07 14:56:02 -0700
Processing by BudgetsController#show as HTML
  Parameters: {"id"=>"1"}
  [1m[36mBudget Load (0.5ms)[0m  [1m[34mSELECT  "budgets".* FROM "budgets" WHERE "budgets"."id" = ? LIMIT ?[0m  [["id", 1], ["LIMIT", 1]]
  Rendering budgets/show.html.erb within layouts/application
  Rendered budgets/show.html.erb within layouts/application (1.0ms)
Completed 200 OK in 121ms (Views: 88.6ms | ActiveRecord: 0.5ms)


Started GET "/budgets" for 127.0.0.1 at 2018-04-07 14:56:03 -0700
Processing by BudgetsController#index as HTML
  Rendering budgets/index.html.erb within layouts/application
  [1m[36mBudget Load (0.0ms)[0m  [1m[34mSELECT "budgets".* FROM "budgets"[0m
  Rendered budgets/index.html.erb within layouts/application (4.5ms)
Completed 200 OK in 119ms (Views: 88.9ms | ActiveRecord: 0.0ms)


Started GET "/budgets/1" for 127.0.0.1 at 2018-04-07 14:56:06 -0700
Processing by BudgetsController#show as HTML
  Parameters: {"id"=>"1"}
  [1m[36mBudget Load (0.0ms)[0m  [1m[34mSELECT  "budgets".* FROM "budgets" WHERE "budgets"."id" = ? LIMIT ?[0m  [["id", 1], ["LIMIT", 1]]
  Rendering budgets/show.html.erb within layouts/application
  Rendered budgets/show.html.erb within layouts/application (1.5ms)
Completed 200 OK in 114ms (Views: 83.9ms | ActiveRecord: 0.0ms)


Started GET "/budgets" for 127.0.0.1 at 2018-04-07 14:56:08 -0700
Processing by BudgetsController#index as HTML
  Rendering budgets/index.html.erb within layouts/application
  [1m[36mBudget Load (0.5ms)[0m  [1m[34mSELECT "budgets".* FROM "budgets"[0m
  Rendered budgets/index.html.erb within layouts/application (4.0ms)
Completed 200 OK in 124ms (Views: 93.6ms | ActiveRecord: 0.5ms)


Started GET "/budgets/1" for 127.0.0.1 at 2018-04-07 14:56:09 -0700
Processing by BudgetsController#show as HTML
  Parameters: {"id"=>"1"}
  [1m[36mBudget Load (0.5ms)[0m  [1m[34mSELECT  "budgets".* FROM "budgets" WHERE "budgets"."id" = ? LIMIT ?[0m  [["id", 1], ["LIMIT", 1]]
  Rendering budgets/show.html.erb within layouts/application
  Rendered budgets/show.html.erb within layouts/application (1.0ms)
Completed 200 OK in 119ms (Views: 86.1ms | ActiveRecord: 0.5ms)


Started GET "/budgets/1/edit" for 127.0.0.1 at 2018-04-07 14:56:11 -0700
Processing by BudgetsController#edit as HTML
  Parameters: {"id"=>"1"}
  [1m[36mBudget Load (0.5ms)[0m  [1m[34mSELECT  "budgets".* FROM "budgets" WHERE "budgets"."id" = ? LIMIT ?[0m  [["id", 1], ["LIMIT", 1]]
  Rendering budgets/edit.html.erb within layouts/application
  Rendered budgets/_form.html.erb (45.1ms)
  Rendered budgets/edit.html.erb within layouts/application (76.7ms)
Completed 200 OK in 198ms (Views: 165.7ms | ActiveRecord: 0.5ms)


Started GET "/budgets" for 127.0.0.1 at 2018-04-07 14:56:13 -0700
Processing by BudgetsController#index as HTML
  Rendering budgets/index.html.erb within layouts/application
  [1m[36mBudget Load (0.5ms)[0m  [1m[34mSELECT "budgets".* FROM "budgets"[0m
  Rendered budgets/index.html.erb within layouts/application (4.5ms)
Completed 200 OK in 122ms (Views: 91.7ms | ActiveRecord: 0.5ms)


Started GET "/budgets/new" for 127.0.0.1 at 2018-04-07 14:56:17 -0700
Processing by BudgetsController#new as HTML
  Rendering budgets/new.html.erb within layouts/application
  Rendered budgets/_form.html.erb (3.5ms)
  Rendered budgets/new.html.erb within layouts/application (33.1ms)
Completed 200 OK in 151ms (Views: 121.9ms | ActiveRecord: 0.0ms)


Started GET "/budgets" for 127.0.0.1 at 2018-04-07 14:56:18 -0700
Processing by BudgetsController#index as HTML
  Rendering budgets/index.html.erb within layouts/application
  [1m[36mBudget Load (0.5ms)[0m  [1m[34mSELECT "budgets".* FROM "budgets"[0m
  Rendered budgets/index.html.erb within layouts/application (5.0ms)
Completed 200 OK in 125ms (Views: 88.3ms | ActiveRecord: 0.5ms)


Started GET "/budgets/1" for 127.0.0.1 at 2018-04-07 15:00:20 -0700
  [1m[36mActiveRecord::SchemaMigration Load (0.5ms)[0m  [1m[34mSELECT "schema_migrations".* FROM "schema_migrations"[0m
Processing by BudgetsController#show as HTML
  Parameters: {"id"=>"1"}
  [1m[36mBudget Load (0.5ms)[0m  [1m[34mSELECT  "budgets".* FROM "budgets" WHERE "budgets"."id" = ? LIMIT ?[0m  [["id", 1], ["LIMIT", 1]]
  Rendering budgets/show.html.erb within layouts/application
  Rendered budgets/show.html.erb within layouts/application (18.1ms)
Completed 200 OK in 219ms (Views: 136.3ms | ActiveRecord: 1.4ms)


Started GET "/budgets/1" for 127.0.0.1 at 2018-04-07 15:00:30 -0700
Started GET "/" for 127.0.0.1 at 2018-04-07 15:00:30 -0700
Processing by BudgetsController#show as HTML
Processing by BudgetsController#index as HTML
  Parameters: {"id"=>"1"}
  [1m[36mBudget Load (0.5ms)[0m  [1m[34mSELECT  "budgets".* FROM "budgets" WHERE "budgets"."id" = ? LIMIT ?[0m  [["id", 1], ["LIMIT", 1]]
  Rendering budgets/index.html.erb within layouts/application
  [1m[36mBudget Load (0.5ms)[0m  [1m[34mSELECT "budgets".* FROM "budgets"[0m
  Rendering budgets/show.html.erb within layouts/application
  Rendered budgets/index.html.erb within layouts/application (6.5ms)
  Rendered budgets/show.html.erb within layouts/application (0.5ms)
Completed 200 OK in 250ms (Views: 186.0ms | ActiveRecord: 0.5ms)


Completed 200 OK in 218ms (Views: 158.7ms | ActiveRecord: 0.5ms)


Started GET "/budgets/1" for 127.0.0.1 at 2018-04-07 15:00:34 -0700
Processing by BudgetsController#show as HTML
  Parameters: {"id"=>"1"}
  [1m[36mBudget Load (0.5ms)[0m  [1m[34mSELECT  "budgets".* FROM "budgets" WHERE "budgets"."id" = ? LIMIT ?[0m  [["id", 1], ["LIMIT", 1]]
  Rendering budgets/show.html.erb within layouts/application
  Rendered budgets/show.html.erb within layouts/application (1.0ms)
Completed 200 OK in 119ms (Views: 89.0ms | ActiveRecord: 0.5ms)


Started GET "/budgets" for 127.0.0.1 at 2018-04-07 15:00:45 -0700
Processing by BudgetsController#index as HTML
  Rendering budgets/index.html.erb within layouts/application
  [1m[36mBudget Load (0.5ms)[0m  [1m[34mSELECT "budgets".* FROM "budgets"[0m
  Rendered budgets/index.html.erb within layouts/application (3.5ms)
Completed 200 OK in 126ms (Views: 85.5ms | ActiveRecord: 0.5ms)


Started GET "/budgets/1" for 127.0.0.1 at 2018-04-07 15:01:05 -0700
Processing by BudgetsController#show as HTML
  Parameters: {"id"=>"1"}
  [1m[36mBudget Load (0.0ms)[0m  [1m[34mSELECT  "budgets".* FROM "budgets" WHERE "budgets"."id" = ? LIMIT ?[0m  [["id", 1], ["LIMIT", 1]]
  Rendering budgets/show.html.erb within layouts/application
  Rendered budgets/show.html.erb within layouts/application (1.0ms)
Completed 200 OK in 116ms (Views: 85.8ms | ActiveRecord: 0.0ms)


